Stari finale(AFN):
1 

Stari(AFN): 
0 ajunge cu ( a ) la 0
0 ajunge cu ( a ) la 1
0 ajunge cu ( b ) la 2
1 ajunge cu ( b ) la 1
1 ajunge cu ( a ) la 2
1 ajunge cu ( a ) la 3
2 ajunge cu ( a ) la 3
2 ajunge cu ( b ) la 3
3 ajunge cu ( a ) la 3
3 ajunge cu ( b ) la 3

Matricea(AFN)
a a b * 
* b a a 
* * * ab 
* * * ab 

------*------

Numar stari(AFD): 15

Numar litere alfabet(AFD): 2
a b 

Matrice(AFD): 
* * b * a * * * * * * * * * * 
* b * * * * * * * a * * * * * 
* * * ab * * * * * * * * * * * 
* * * ab * * * * * * * * * * * 
* * * * * * * b * * * * * * a 
* * * * * * * * * b * a * * * 
* * * * * * * * * b * a * * * 
* * * * * * * * b a * * * * * 
* * * * * * * * b a * * * * * 
* * * ab * * * * * * * * * * * 
* * * * * * * * * * * * * b a 
* * * * * * * * * * * * * b a 
* * * * * * * * * b * a * * * 
* * * * * * * * b a * * * * * 
* * * * * * * * * * * * * b a 

0 ajunge cu ( b ) la 2
0 ajunge cu ( a ) la 01
2 ajunge cu ( ab ) la 3
3 ajunge cu ( ab ) la 3
01 ajunge cu ( b ) la 12
01 ajunge cu ( a ) la 0123
12 ajunge cu ( b ) la 13
12 ajunge cu ( a ) la 23
13 ajunge cu ( b ) la 13
13 ajunge cu ( a ) la 23
23 ajunge cu ( ab ) la 3
123 ajunge cu ( b ) la 13
123 ajunge cu ( a ) la 23
0123 ajunge cu ( b ) la 123
0123 ajunge cu ( a ) la 0123

Numar tranzitii(AFD): 15

Stari(AFD): 0 2 3 01 12 13 23 123 0123 

Stare initiala(AFD): 0

Stari finale(AFD): 5
01 12 13 123 0123 